<?xml version="1.0" encoding="UTF-8"?>
<beans xmlns="http://www.springframework.org/schema/beans"
	xmlns:xsi="http://www.w3.org/2001/XMLSchema-instance"
	xmlns:context="http://www.springframework.org/schema/context"
	xmlns:aop="http://www.springframework.org/schema/aop"
	xmlns:tx="http://www.springframework.org/schema/tx"
	xmlns:mvc="http://www.springframework.org/schema/mvc"
	xsi:schemaLocation="  
        http://www.springframework.org/schema/beans  
        http://www.springframework.org/schema/beans/spring-beans.xsd  
        http://www.springframework.org/schema/context  
        http://www.springframework.org/schema/context/spring-context.xsd 
        http://www.springframework.org/schema/tx
        https://www.springframework.org/schema/tx/spring-tx.xsd
        http://www.springframework.org/schema/aop
        https://www.springframework.org/schema/aop/spring-aop.xsd 
        http://www.springframework.org/schema/mvc  
        http://www.springframework.org/schema/mvc/spring-mvc.xsd">

	<context:component-scan base-package="com.*"/>
	<tx:annotation-driven transaction-manager="transactionManager"/>
    <context:property-placeholder location="classpath:/database.properties" />
    <context:property-placeholder location="classpath:/project.properties" />
	<mvc:annotation-driven />

    <mvc:resources mapping="/css/**" location="/css/" />
	<mvc:resources mapping="/images/**" location="/images/" />
	<mvc:resources mapping="/js/**" location="/js/" />
	<mvc:resources mapping="/fonts/**" location="/fonts/" />
	<mvc:resources mapping="/scss/**" location="/sccs/" />
	<mvc:resources mapping="/vendor/**" location="/vendor/" />

	<!-- <bean id="mailSender" class="org.springframework.mail.javamail.JavaMailSenderImpl"> 
		<property name="host" value="smtp.gmail.com" /> <property name="port" value="587" 
		/> <property name="username" value="cateringmanagementteam@gmail.com" /> 
		<property name="password" value="Royal123@@" /> <property name="javaMailProperties"> 
		<props> <prop key="mail.smtp.auth">true</prop> <prop key="mail.debug">true</prop> 
		<prop key="mail.transport.protocol">smtp</prop> <prop key="mail.smtp.socketFactory.class">javax.net.ssl.SSLSocketFactory</prop> 
		<prop key="mail.smtp.socketFactory.port">465</prop> <prop key="mail.smtp.starttls.enable">true</prop> 
		</props> </property> </bean> -->

	<!-- Send Email Exception Resolver i.e. In Case Of Exception The Controller 
		Will Navigate To 'error.jsp' & Will Display The Exception Message -->
	<!-- <bean class="org.springframework.web.servlet.handler.SimpleMappingExceptionResolver"> 
		<property name="exceptionMappings"> <props> <prop key="java.lang.Exception">error</prop> 
		</props> </property> </bean> -->

	<bean id="viewResolver"
		class="org.springframework.web.servlet.view.InternalResourceViewResolver">
		<property name="prefix" value="/WEB-INF/jsp/" />
		<property name="suffix" value=".jsp" />

	</bean>



	<bean id="dataSource"
		class="org.springframework.jdbc.datasource.DriverManagerDataSource">
		<property name="driverClassName"
			value="${database.driver}" />
		<property name="url"
			value="${database.url}" />
		<property name="username" value="${database.user}" />
		<property name="password" value="${database.password}" />
	</bean>

	<bean id="sessionFactory"
		class="org.springframework.orm.hibernate4.LocalSessionFactoryBean">
		<property name="dataSource" ref="dataSource" />
	<!-- 	<property name="connection.autoReconnect">true</property>
<property name="connection.autoReconnectForPools">true</property>
<property name="connection.is-connection-validation-required">true</property> -->
		<property name="hibernateProperties">
			<props>
				<prop key="hibernate.show_sql">${hibernate.show_sql}</prop>
				<!-- <prop key="hibernate.hbm2ddl.auto">update</prop> -->
				<prop key="hibernate.dialect">${hibernate.dialect}</prop>
			    <prop key="connection.autoReconnect">true</prop>
				<prop key="connection.autoReconnectForPools">true</prop>
				<prop key="connection.is-connection-validation-required">true</prop>

			</props>
		</property>
		<property name="annotatedClasses">
			<list>
				<value>com.bean.TblAppUser</value>

			</list>

		</property>

	</bean>

	<bean id="ht"
		class="org.springframework.orm.hibernate4.HibernateTemplate">
		<property name="sessionFactory" ref="sessionFactory"></property>

	</bean>



	<bean id="transactionManager" class="org.springframework.orm.hibernate4.HibernateTransactionManager">
		<property name="sessionFactory" ref="sessionFactory"></property>

	</bean>

<!-- 	<bean id="dao" class="com.dao.Dao">
	<property name="ht" ref="ht"></property>

     </bean>
	<bean id="caterersService" class="com.service.CaterersService">
		<property name="ht" ref="ht"></property>
	</bean>

 -->

</beans>